<?xml version="1.0" encoding="UTF-8"?>
<!-- Generated by org.testng.reporters.JUnitReportReporter -->
<testsuite hostname="INSPIRON7560" failures="0" tests="9" name="com.cognizant.Zigwheels" time="39.222" errors="0" timestamp="2020-10-30T11:18:54 IST" skipped="0">
  <testcase classname="com.cognizant.Zigwheels" name="newBikes" time="3.603"/>
  <system-out/>
  <testcase classname="com.cognizant.Zigwheels" name="hondaBikes" time="8.901"/>
  <system-out/>
  <testcase classname="com.cognizant.Zigwheels" name="selectDetails" time="1.325"/>
  <system-out/>
  <testcase classname="com.cognizant.Zigwheels" name="selectLogin" time="3.407"/>
  <system-out/>
  <testcase classname="com.cognizant.Zigwheels" name="selectContinueWithGoogle" time="4.461"/>
  <system-out/>
  <testcase classname="com.cognizant.Zigwheels" name="setEmail" time="10.079"/>
  <system-out/>
  <testcase classname="com.cognizant.Zigwheels" name="selectNext1" time="0.447"/>
  <system-out/>
  <testcase classname="com.cognizant.Zigwheels" name="setPassword" time="6.442"/>
  <system-out/>
  <testcase classname="com.cognizant.Zigwheels" name="selectNext2" time="0.557"/>
  <system-out/>
</testsuite> <!-- com.cognizant.Zigwheels -->
