<?xml version="1.0" encoding="UTF-8"?>
<!-- Generated by org.testng.reporters.JUnitReportReporter -->
<testsuite hostname="INSPIRON7560" failures="0" tests="4" name="com.cognizant.usedCars1" time="38.246" errors="0" timestamp="2020-10-30T17:06:49 IST" skipped="0">
  <testcase classname="com.cognizant.usedCars1" name="usedC" time="38.240"/>
  <system-out/>
  <testcase classname="com.cognizant.usedCars1" name="sortCar1" time="0.003"/>
  <system-out/>
  <testcase classname="com.cognizant.usedCars1" name="sortCar2" time="0.002"/>
  <system-out/>
  <testcase classname="com.cognizant.usedCars1" name="sortCar3" time="0.001"/>
  <system-out/>
</testsuite> <!-- com.cognizant.usedCars1 -->
