<?xml version="1.0" encoding="UTF-8"?>
<!-- Generated by org.testng.reporters.JUnitReportReporter -->
<testsuite hostname="DESKTOP-VLKGLLJ" failures="0" tests="38" name="com.cognizant.AppTest" time="127.052" errors="0" timestamp="2020-11-05T11:04:32 IST" skipped="0">
  <testcase classname="com.cognizant.AppTest" name="selectLogin" time="4.574"/>
  <system-out/>
  <testcase classname="com.cognizant.AppTest" name="selectContinueWithGoogle" time="4.350"/>
  <system-out/>
  <testcase classname="com.cognizant.AppTest" name="setEmail" time="10.986"/>
  <system-out/>
  <testcase classname="com.cognizant.AppTest" name="selectNext1" time="4.744"/>
  <system-out/>
  <testcase classname="com.cognizant.AppTest" name="setPassword" time="8.892"/>
  <system-out/>
  <testcase classname="com.cognizant.AppTest" name="selectNext2" time="5.770"/>
  <system-out/>
  <testcase classname="com.cognizant.AppTest" name="newBikes" time="9.662"/>
  <system-out/>
  <testcase classname="com.cognizant.AppTest" name="hondaBikes" time="12.458"/>
  <system-out/>
  <testcase classname="com.cognizant.AppTest" name="selectDetails" time="2.002"/>
  <system-out/>
  <testcase classname="com.cognizant.AppTest" name="usedC" time="62.432"/>
  <system-out/>
  <testcase classname="com.cognizant.AppTest" name="sortCar1" time="0.001"/>
  <system-out/>
  <testcase classname="com.cognizant.AppTest" name="sortCar2" time="0.002"/>
  <system-out/>
  <testcase classname="com.cognizant.AppTest" name="sortCar3" time="0.001"/>
  <system-out/>
  <testcase classname="com.cognizant.AppTest" name="sortCar4" time="0.001"/>
  <system-out/>
  <testcase classname="com.cognizant.AppTest" name="sortCar5" time="0.001"/>
  <system-out/>
  <testcase classname="com.cognizant.AppTest" name="sortCar6" time="0.001"/>
  <system-out/>
  <testcase classname="com.cognizant.AppTest" name="sortCar7" time="0.001"/>
  <system-out/>
  <testcase classname="com.cognizant.AppTest" name="sortCar8" time="0.001"/>
  <system-out/>
  <testcase classname="com.cognizant.AppTest" name="sortCar9" time="0.001"/>
  <system-out/>
  <testcase classname="com.cognizant.AppTest" name="sortCar10" time="0.001"/>
  <system-out/>
  <testcase classname="com.cognizant.AppTest" name="sortCar11" time="0.001"/>
  <system-out/>
  <testcase classname="com.cognizant.AppTest" name="sortCar12" time="0.001"/>
  <system-out/>
  <testcase classname="com.cognizant.AppTest" name="sortCar13" time="0.001"/>
  <system-out/>
  <testcase classname="com.cognizant.AppTest" name="sortCar14" time="0.001"/>
  <system-out/>
  <testcase classname="com.cognizant.AppTest" name="sortCar15" time="0.000"/>
  <system-out/>
  <testcase classname="com.cognizant.AppTest" name="sortCar16" time="0.001"/>
  <system-out/>
  <testcase classname="com.cognizant.AppTest" name="sortCar17" time="0.001"/>
  <system-out/>
  <testcase classname="com.cognizant.AppTest" name="sortCar18" time="0.000"/>
  <system-out/>
  <testcase classname="com.cognizant.AppTest" name="sortCar19" time="0.002"/>
  <system-out/>
  <testcase classname="com.cognizant.AppTest" name="sortCar20" time="0.001"/>
  <system-out/>
  <testcase classname="com.cognizant.AppTest" name="sortCar21" time="0.001"/>
  <system-out/>
  <testcase classname="com.cognizant.AppTest" name="sortCar22" time="0.000"/>
  <system-out/>
  <testcase classname="com.cognizant.AppTest" name="sortCar23" time="0.001"/>
  <system-out/>
  <testcase classname="com.cognizant.AppTest" name="sortCar24" time="0.001"/>
  <system-out/>
  <testcase classname="com.cognizant.AppTest" name="sortCar25" time="0.001"/>
  <system-out/>
  <testcase classname="com.cognizant.AppTest" name="sortCar26" time="0.000"/>
  <system-out/>
  <testcase classname="com.cognizant.AppTest" name="outputFromExcel1" time="0.547"/>
  <system-out/>
  <testcase classname="com.cognizant.AppTest" name="outputFromExcel2" time="0.611"/>
  <system-out/>
</testsuite> <!-- com.cognizant.AppTest -->
